<?xml version="1.0" encoding="UTF-8"?>
<testsuite name="CaesarTest" tests="1" skipped="0" failures="0" errors="0" timestamp="2020-09-11T05:57:33" hostname="makena-ThinkPad-X1-Carbon-3rd" time="0.007">
  <properties/>
  <testcase name="testtheMessage_shouldBeSonia_String" classname="CaesarTest" time="0.007"/>
  <system-out><![CDATA[]]></system-out>
  <system-err><![CDATA[]]></system-err>
</testsuite>
